<?xml version="1.0" encoding="UTF-8"?>
<testsuite xmlns:xsi="http://www.w3.org/2001/XMLSchema-instance" xsi:noNamespaceSchemaLocation="https://maven.apache.org/surefire/maven-surefire-plugin/xsd/surefire-test-report-3.0.xsd" version="3.0" name="TestSuite" time="95.65" tests="2" errors="0" skipped="0" failures="1">
  <properties>
    <property name="sun.desktop" value="windows"/>
    <property name="awt.toolkit" value="sun.awt.windows.WToolkit"/>
    <property name="file.encoding.pkg" value="sun.io"/>
    <property name="java.specification.version" value="1.8"/>
    <property name="webdriver.chrome.driver" value="D:\Automation\Flipkart\Resource\chromedriver.exe"/>
    <property name="sun.cpu.isalist" value="amd64"/>
    <property name="sun.jnu.encoding" value="Cp1252"/>
    <property name="java.class.path" value="D:\Automation\Flipkart\target\test-classes;D:\Automation\Flipkart\target\classes;C:\Users\Jaykishan\.m2\repository\org\seleniumhq\selenium\selenium-java\3.141.59\selenium-java-3.141.59.jar;C:\Users\Jaykishan\.m2\repository\org\seleniumhq\selenium\selenium-api\3.141.59\selenium-api-3.141.59.jar;C:\Users\Jaykishan\.m2\repository\org\seleniumhq\selenium\selenium-chrome-driver\3.141.59\selenium-chrome-driver-3.141.59.jar;C:\Users\Jaykishan\.m2\repository\org\seleniumhq\selenium\selenium-edge-driver\3.141.59\selenium-edge-driver-3.141.59.jar;C:\Users\Jaykishan\.m2\repository\org\seleniumhq\selenium\selenium-firefox-driver\3.141.59\selenium-firefox-driver-3.141.59.jar;C:\Users\Jaykishan\.m2\repository\org\seleniumhq\selenium\selenium-ie-driver\3.141.59\selenium-ie-driver-3.141.59.jar;C:\Users\Jaykishan\.m2\repository\org\seleniumhq\selenium\selenium-opera-driver\3.141.59\selenium-opera-driver-3.141.59.jar;C:\Users\Jaykishan\.m2\repository\org\seleniumhq\selenium\selenium-remote-driver\3.141.59\selenium-remote-driver-3.141.59.jar;C:\Users\Jaykishan\.m2\repository\org\seleniumhq\selenium\selenium-safari-driver\3.141.59\selenium-safari-driver-3.141.59.jar;C:\Users\Jaykishan\.m2\repository\org\seleniumhq\selenium\selenium-support\3.141.59\selenium-support-3.141.59.jar;C:\Users\Jaykishan\.m2\repository\net\bytebuddy\byte-buddy\1.8.15\byte-buddy-1.8.15.jar;C:\Users\Jaykishan\.m2\repository\org\apache\commons\commons-exec\1.3\commons-exec-1.3.jar;C:\Users\Jaykishan\.m2\repository\com\google\guava\guava\25.0-jre\guava-25.0-jre.jar;C:\Users\Jaykishan\.m2\repository\com\google\code\findbugs\jsr305\1.3.9\jsr305-1.3.9.jar;C:\Users\Jaykishan\.m2\repository\org\checkerframework\checker-compat-qual\2.0.0\checker-compat-qual-2.0.0.jar;C:\Users\Jaykishan\.m2\repository\com\google\errorprone\error_prone_annotations\2.1.3\error_prone_annotations-2.1.3.jar;C:\Users\Jaykishan\.m2\repository\com\google\j2objc\j2objc-annotations\1.1\j2objc-annotations-1.1.jar;C:\Users\Jaykishan\.m2\repository\org\codehaus\mojo\animal-sniffer-annotations\1.14\animal-sniffer-annotations-1.14.jar;C:\Users\Jaykishan\.m2\repository\com\squareup\okhttp3\okhttp\3.11.0\okhttp-3.11.0.jar;C:\Users\Jaykishan\.m2\repository\com\squareup\okio\okio\1.14.0\okio-1.14.0.jar;C:\Users\Jaykishan\.m2\repository\org\testng\testng\6.8\testng-6.8.jar;C:\Users\Jaykishan\.m2\repository\junit\junit\4.10\junit-4.10.jar;C:\Users\Jaykishan\.m2\repository\org\hamcrest\hamcrest-core\1.1\hamcrest-core-1.1.jar;C:\Users\Jaykishan\.m2\repository\org\beanshell\bsh\2.0b4\bsh-2.0b4.jar;C:\Users\Jaykishan\.m2\repository\com\beust\jcommander\1.27\jcommander-1.27.jar;C:\Users\Jaykishan\.m2\repository\org\yaml\snakeyaml\1.6\snakeyaml-1.6.jar;C:\Users\Jaykishan\.m2\repository\org\apache\commons\commons-email\1.5\commons-email-1.5.jar;C:\Users\Jaykishan\.m2\repository\com\sun\mail\javax.mail\1.5.6\javax.mail-1.5.6.jar;C:\Users\Jaykishan\.m2\repository\javax\activation\activation\1.1\activation-1.1.jar;"/>
    <property name="java.vm.vendor" value="Oracle Corporation"/>
    <property name="sun.arch.data.model" value="64"/>
    <property name="user.variant" value=""/>
    <property name="java.vendor.url" value="http://java.oracle.com/"/>
    <property name="user.timezone" value="Asia/Calcutta"/>
    <property name="java.vm.specification.version" value="1.8"/>
    <property name="os.name" value="Windows 7"/>
    <property name="user.country" value="US"/>
    <property name="sun.java.launcher" value="SUN_STANDARD"/>
    <property name="sun.boot.library.path" value="C:\Program Files\Java\jdk1.8.0_60\jre\bin"/>
    <property name="sun.java.command" value="C:\Users\Jaykishan\AppData\Local\Temp\surefire5729356049093389362\surefirebooter7838136607454153544.jar C:\Users\Jaykishan\AppData\Local\Temp\surefire5729356049093389362 2020-05-06T11-58-31_415-jvmRun1 surefire1453217683471463303tmp surefire_08363023466019457306tmp"/>
    <property name="surefire.test.class.path" value="D:\Automation\Flipkart\target\test-classes;D:\Automation\Flipkart\target\classes;C:\Users\Jaykishan\.m2\repository\org\seleniumhq\selenium\selenium-java\3.141.59\selenium-java-3.141.59.jar;C:\Users\Jaykishan\.m2\repository\org\seleniumhq\selenium\selenium-api\3.141.59\selenium-api-3.141.59.jar;C:\Users\Jaykishan\.m2\repository\org\seleniumhq\selenium\selenium-chrome-driver\3.141.59\selenium-chrome-driver-3.141.59.jar;C:\Users\Jaykishan\.m2\repository\org\seleniumhq\selenium\selenium-edge-driver\3.141.59\selenium-edge-driver-3.141.59.jar;C:\Users\Jaykishan\.m2\repository\org\seleniumhq\selenium\selenium-firefox-driver\3.141.59\selenium-firefox-driver-3.141.59.jar;C:\Users\Jaykishan\.m2\repository\org\seleniumhq\selenium\selenium-ie-driver\3.141.59\selenium-ie-driver-3.141.59.jar;C:\Users\Jaykishan\.m2\repository\org\seleniumhq\selenium\selenium-opera-driver\3.141.59\selenium-opera-driver-3.141.59.jar;C:\Users\Jaykishan\.m2\repository\org\seleniumhq\selenium\selenium-remote-driver\3.141.59\selenium-remote-driver-3.141.59.jar;C:\Users\Jaykishan\.m2\repository\org\seleniumhq\selenium\selenium-safari-driver\3.141.59\selenium-safari-driver-3.141.59.jar;C:\Users\Jaykishan\.m2\repository\org\seleniumhq\selenium\selenium-support\3.141.59\selenium-support-3.141.59.jar;C:\Users\Jaykishan\.m2\repository\net\bytebuddy\byte-buddy\1.8.15\byte-buddy-1.8.15.jar;C:\Users\Jaykishan\.m2\repository\org\apache\commons\commons-exec\1.3\commons-exec-1.3.jar;C:\Users\Jaykishan\.m2\repository\com\google\guava\guava\25.0-jre\guava-25.0-jre.jar;C:\Users\Jaykishan\.m2\repository\com\google\code\findbugs\jsr305\1.3.9\jsr305-1.3.9.jar;C:\Users\Jaykishan\.m2\repository\org\checkerframework\checker-compat-qual\2.0.0\checker-compat-qual-2.0.0.jar;C:\Users\Jaykishan\.m2\repository\com\google\errorprone\error_prone_annotations\2.1.3\error_prone_annotations-2.1.3.jar;C:\Users\Jaykishan\.m2\repository\com\google\j2objc\j2objc-annotations\1.1\j2objc-annotations-1.1.jar;C:\Users\Jaykishan\.m2\repository\org\codehaus\mojo\animal-sniffer-annotations\1.14\animal-sniffer-annotations-1.14.jar;C:\Users\Jaykishan\.m2\repository\com\squareup\okhttp3\okhttp\3.11.0\okhttp-3.11.0.jar;C:\Users\Jaykishan\.m2\repository\com\squareup\okio\okio\1.14.0\okio-1.14.0.jar;C:\Users\Jaykishan\.m2\repository\org\testng\testng\6.8\testng-6.8.jar;C:\Users\Jaykishan\.m2\repository\junit\junit\4.10\junit-4.10.jar;C:\Users\Jaykishan\.m2\repository\org\hamcrest\hamcrest-core\1.1\hamcrest-core-1.1.jar;C:\Users\Jaykishan\.m2\repository\org\beanshell\bsh\2.0b4\bsh-2.0b4.jar;C:\Users\Jaykishan\.m2\repository\com\beust\jcommander\1.27\jcommander-1.27.jar;C:\Users\Jaykishan\.m2\repository\org\yaml\snakeyaml\1.6\snakeyaml-1.6.jar;C:\Users\Jaykishan\.m2\repository\org\apache\commons\commons-email\1.5\commons-email-1.5.jar;C:\Users\Jaykishan\.m2\repository\com\sun\mail\javax.mail\1.5.6\javax.mail-1.5.6.jar;C:\Users\Jaykishan\.m2\repository\javax\activation\activation\1.1\activation-1.1.jar;"/>
    <property name="sun.cpu.endian" value="little"/>
    <property name="user.home" value="C:\Users\Jaykishan"/>
    <property name="user.language" value="en"/>
    <property name="java.specification.vendor" value="Oracle Corporation"/>
    <property name="java.home" value="C:\Program Files\Java\jdk1.8.0_60\jre"/>
    <property name="basedir" value="D:\Automation\Flipkart"/>
    <property name="file.separator" value="\"/>
    <property name="line.separator" value="&#10;"/>
    <property name="java.vm.specification.vendor" value="Oracle Corporation"/>
    <property name="java.specification.name" value="Java Platform API Specification"/>
    <property name="java.awt.graphicsenv" value="sun.awt.Win32GraphicsEnvironment"/>
    <property name="surefire.real.class.path" value="C:\Users\Jaykishan\AppData\Local\Temp\surefire5729356049093389362\surefirebooter7838136607454153544.jar"/>
    <property name="sun.boot.class.path" value="C:\Program Files\Java\jdk1.8.0_60\jre\lib\resources.jar;C:\Program Files\Java\jdk1.8.0_60\jre\lib\rt.jar;C:\Program Files\Java\jdk1.8.0_60\jre\lib\sunrsasign.jar;C:\Program Files\Java\jdk1.8.0_60\jre\lib\jsse.jar;C:\Program Files\Java\jdk1.8.0_60\jre\lib\jce.jar;C:\Program Files\Java\jdk1.8.0_60\jre\lib\charsets.jar;C:\Program Files\Java\jdk1.8.0_60\jre\lib\jfr.jar;C:\Program Files\Java\jdk1.8.0_60\jre\classes"/>
    <property name="user.script" value=""/>
    <property name="sun.management.compiler" value="HotSpot 64-Bit Tiered Compilers"/>
    <property name="java.runtime.version" value="1.8.0_60-b27"/>
    <property name="user.name" value="Jaykishan"/>
    <property name="path.separator" value=";"/>
    <property name="os.version" value="6.1"/>
    <property name="java.endorsed.dirs" value="C:\Program Files\Java\jdk1.8.0_60\jre\lib\endorsed"/>
    <property name="java.runtime.name" value="Java(TM) SE Runtime Environment"/>
    <property name="file.encoding" value="Cp1252"/>
    <property name="java.vm.name" value="Java HotSpot(TM) 64-Bit Server VM"/>
    <property name="localRepository" value="C:\Users\Jaykishan\.m2\repository"/>
    <property name="java.vendor.url.bug" value="http://bugreport.sun.com/bugreport/"/>
    <property name="java.io.tmpdir" value="C:\Users\JAYKIS~1\AppData\Local\Temp\"/>
    <property name="java.version" value="1.8.0_60"/>
    <property name="user.dir" value="D:\Automation\Flipkart"/>
    <property name="os.arch" value="amd64"/>
    <property name="java.vm.specification.name" value="Java Virtual Machine Specification"/>
    <property name="java.awt.printerjob" value="sun.awt.windows.WPrinterJob"/>
    <property name="sun.os.patch.level" value="Service Pack 1"/>
    <property name="java.library.path" value="C:\Program Files\Java\jdk1.8.0_60\jre\bin;C:\Windows\Sun\Java\bin;C:\Windows\system32;C:\Windows;C:/Program Files/Java/jdk1.8.0_60/bin/../jre/bin/server;C:/Program Files/Java/jdk1.8.0_60/bin/../jre/bin;C:/Program Files/Java/jdk1.8.0_60/bin/../jre/lib/amd64;C:\Program Files\Java\jdk1.8.0_60\bin;C:\apache-maven-3.6.3\bin;C:\Program Files\Git\cmd;D:\eclipse;;."/>
    <property name="java.vm.info" value="mixed mode"/>
    <property name="java.vendor" value="Oracle Corporation"/>
    <property name="java.vm.version" value="25.60-b23"/>
    <property name="java.ext.dirs" value="C:\Program Files\Java\jdk1.8.0_60\jre\lib\ext;C:\Windows\Sun\Java\lib\ext"/>
    <property name="sun.io.unicode.encoding" value="UnicodeLittle"/>
    <property name="java.class.version" value="52.0"/>
  </properties>
  <testcase name="flipkartTitleFail" classname="com.Flipkart.Electonics.Mobile.MobilePhonesIndex" time="3.014">
    <failure type="junit.framework.AssertionFailedError"><![CDATA[junit.framework.AssertionFailedError
	at com.Flipkart.Electonics.Mobile.MobilePhonesIndex.flipkartTitleFail(MobilePhonesIndex.java:110)
]]></failure>
    <system-out><![CDATA[This is from common confing methodhttps://www.flipkart.com
This is from common confing methodchrome
This is from common confing methodD:\Automation\Flipkart\Resource\chromedriver.exe
This is from common confing methodhttps://www.flipkart.com
This is from common confing methodchrome
This is from common confing methodD:\Automation\Flipkart\Resource\chromedriver.exe
This Statement is from Abstract Class
This Statement is from Abstract Class
This Statement is from MobilePhonesVerification..................................................................
This Statement is from MobilePhonesIndex..................................................................
This Statement is from MobilePhonesIndexpage..................................................................
This Statement is from Abstract Class
This Statement is from Abstract Class
This Statement is from Abstract Class
Slider is moviung
This Statement is from Abstract Class
This Statement is from Abstract Class
This Statement is from Abstract Class
This Statement is from Abstract Class
This Statement is from MobilePhonesVerification fail statement..................................................................
]]></system-out>
    <system-err><![CDATA[Starting ChromeDriver 80.0.3987.106 (f68069574609230cf9b635cd784cfb1bf81bb53a-refs/branch-heads/3987@{#882}) on port 48785
Only local connections are allowed.
Please protect ports used by ChromeDriver and related test frameworks to prevent access by malicious code.
Starting ChromeDriver 80.0.3987.106 (f68069574609230cf9b635cd784cfb1bf81bb53a-refs/branch-heads/3987@{#882}) on port 25287
Only local connections are allowed.
Please protect ports used by ChromeDriver and related test frameworks to prevent access by malicious code.
[1588746540.109][WARNING]: This version of ChromeDriver has not been tested with Chrome version 81.
[1588746540.109][WARNING]: This version of ChromeDriver has not been tested with Chrome version 81.
[[1155888877446543.473][WARNING]: Timed out connecting to Chrome, retrying...
6543.473][WARNING]: Timed out connecting to Chrome, retrying...
May 06, 2020 11:59:05 AM org.openqa.selenium.remote.ProtocolHandshake createSession
INFO: Detected dialect: W3C
May 06, 2020 11:59:05 AM org.openqa.selenium.remote.ProtocolHandshake createSession
INFO: Detected dialect: W3C
[1588746547.900][SEVERE]: Timed out receiving message from renderer: 0.100
[1588746548.025][SEVERE]: Timed out receiving message from renderer: 0.100
[1588746548.659][SEVERE]: Timed out receiving message from renderer: 0.100
[1588746548.771][SEVERE]: Timed out receiving message from renderer: 0.100
[1588746552.988][SEVERE]: Timed out receiving message from renderer: 0.100
[1588746553.001][SEVERE]: Timed out receiving message from renderer: 0.100
[1588746561.102][SEVERE]: Timed out receiving message from renderer: 0.100
[1588746562.139][SEVERE]: Timed out receiving message from renderer: 0.100
[1588746562.346][SEVERE]: Timed out receiving message from renderer: 0.100
[1588746563.619][SEVERE]: Timed out receiving message from renderer: 0.100
[1588746563.836][SEVERE]: Timed out receiving message from renderer: 0.100
[1588746563.951][SEVERE]: Timed out receiving message from renderer: 0.100
[1588746564.878][SEVERE]: Timed out receiving message from renderer: 0.100
[1588746565.060][SEVERE]: Timed out receiving message from renderer: 0.100
[1588746565.163][SEVERE]: Timed out receiving message from renderer: 0.100
[1588746565.290][SEVERE]: Timed out receiving message from renderer: 0.100
[1588746565.404][SEVERE]: Timed out receiving message from renderer: 0.100
[1588746565.532][SEVERE]: Timed out receiving message from renderer: 0.100
[1588746565.639][SEVERE]: Timed out receiving message from renderer: 0.100
[1588746565.745][SEVERE]: Timed out receiving message from renderer: 0.100
[1588746565.853][SEVERE]: Timed out receiving message from renderer: 0.100
[1588746565.963][SEVERE]: Timed out receiving message from renderer: 0.100
[1588746566.087][SEVERE]: Timed out receiving message from renderer: 0.100
[1588746566.254][SEVERE]: Timed out receiving message from renderer: 0.100
[1588746566.363][SEVERE]: Timed out receiving message from renderer: 0.100
[1588746566.495][SEVERE]: Timed out receiving message from renderer: 0.100
[1588746566.601][SEVERE]: Timed out receiving message from renderer: 0.100
[1588746593.360][SEVERE]: Timed out receiving message from renderer: 0.100
[1588746593.906][SEVERE]: Timed out receiving message from renderer: 0.100
[1588746594.140][SEVERE]: Timed out receiving message from renderer: 0.100
[1588746594.311][SEVERE]: Timed out receiving message from renderer: 0.100
[1588746594.423][SEVERE]: Timed out receiving message from renderer: 0.100
[1588746594.533][SEVERE]: Timed out receiving message from renderer: 0.100
[1588746594.638][SEVERE]: Timed out receiving message from renderer: 0.100
[1588746594.755][SEVERE]: Timed out receiving message from renderer: 0.100
[1588746594.862][SEVERE]: Timed out receiving message from renderer: 0.100
[1588746594.965][SEVERE]: Timed out receiving message from renderer: 0.100
[1588746595.068][SEVERE]: Timed out receiving message from renderer: 0.100
[1588746595.242][SEVERE]: Timed out receiving message from renderer: 0.100
[1588746595.382][SEVERE]: Timed out receiving message from renderer: 0.100
]]></system-err>
  </testcase>
  <testcase name="mobile" classname="com.Flipkart.Electonics.Mobile.MobilePhonesIndex" time="7.46"/>
</testsuite>